[14:11:36] [Server thread/INFO]: Starting minecraft server version 1.15.2
[14:11:36] [Server thread/INFO]: Loading properties
[14:11:37] [Server thread/INFO]: This server is running CraftBukkit version git-Spigot-2f5d615-aae46f8 (MC: 1.15.2) (Implementing API version 1.15.2-R0.1-SNAPSHOT)
[14:11:37] [Server thread/INFO]: Using 4 threads for Netty based IO
[14:11:37] [Server thread/INFO]: Server Ping Player Sample Count: 12
[14:11:37] [Server thread/INFO]: Debug logging is disabled
[14:11:37] [Server thread/INFO]: Default game type: SURVIVAL
[14:11:37] [Server thread/INFO]: Generating keypair
[14:11:38] [Server thread/INFO]: Starting Minecraft server on *:25565
[14:11:39] [Server thread/INFO]: Using epoll channel type
[14:11:39] [Server thread/WARN]: **** SERVER IS RUNNING IN OFFLINE/INSECURE MODE!
[14:11:39] [Server thread/WARN]: The server will make no attempt to authenticate usernames. Beware.
[14:11:39] [Server thread/WARN]: While this makes the game possible to play without internet access, it also opens up the ability for hackers to connect with any username they choose.
[14:11:39] [Server thread/WARN]: To change this, set "online-mode" to "true" in the server.properties file.
[14:11:39] [Server thread/INFO]: Preparing level "world"
[14:11:39] [Server thread/INFO]: Reloading ResourceManager: Default, bukkit
[14:11:45] [Server thread/INFO]: Loaded 6 recipes
[14:11:47] [Server thread/INFO]: -------- World Settings For [world] --------
[14:11:47] [Server thread/INFO]: Cactus Growth Modifier: 100%
[14:11:47] [Server thread/INFO]: Cane Growth Modifier: 100%
[14:11:47] [Server thread/INFO]: Melon Growth Modifier: 100%
[14:11:47] [Server thread/INFO]: Mushroom Growth Modifier: 100%
[14:11:47] [Server thread/INFO]: Pumpkin Growth Modifier: 100%
[14:11:47] [Server thread/INFO]: Sapling Growth Modifier: 100%
[14:11:47] [Server thread/INFO]: Beetroot Growth Modifier: 100%
[14:11:47] [Server thread/INFO]: Carrot Growth Modifier: 100%
[14:11:47] [Server thread/INFO]: Potato Growth Modifier: 100%
[14:11:47] [Server thread/INFO]: Wheat Growth Modifier: 100%
[14:11:47] [Server thread/INFO]: NetherWart Growth Modifier: 100%
[14:11:47] [Server thread/INFO]: Vine Growth Modifier: 100%
[14:11:47] [Server thread/INFO]: Cocoa Growth Modifier: 100%
[14:11:47] [Server thread/INFO]: Bamboo Growth Modifier: 100%
[14:11:47] [Server thread/INFO]: SweetBerry Growth Modifier: 100%
[14:11:47] [Server thread/INFO]: Kelp Growth Modifier: 100%
[14:11:47] [Server thread/INFO]: Entity Activation Range: An 32 / Mo 32 / Ra 48 / Mi 16 / Tiv true
[14:11:47] [Server thread/INFO]: Entity Tracking Range: Pl 48 / An 48 / Mo 48 / Mi 32 / Other 64
[14:11:47] [Server thread/INFO]: Hopper Transfer: 8 Hopper Check: 1 Hopper Amount: 1
[14:11:47] [Server thread/INFO]: Custom Map Seeds:  Village: 10387312 Desert: 14357617 Igloo: 14357618 Jungle: 14357619 Swamp: 14357620 Monument: 10387313 Ocean: 14357621 Shipwreck: 165745295 End City: 10387313 Slime: 987234911
[14:11:47] [Server thread/INFO]: Mob Spawn Range: 6
[14:11:47] [Server thread/INFO]: Experience Merge Radius: 3.0
[14:11:47] [Server thread/INFO]: Max TNT Explosions: 100
[14:11:47] [Server thread/INFO]: Tile Max Tick Time: 50ms Entity max Tick Time: 50ms
[14:11:47] [Server thread/INFO]: Arrow Despawn Rate: 1200 Trident Respawn Rate:1200
[14:11:47] [Server thread/INFO]: View Distance: 10
[14:11:47] [Server thread/INFO]: Allow Zombie Pigmen to spawn from portal blocks: true
[14:11:47] [Server thread/INFO]: Item Merge Radius: 2.5
[14:11:47] [Server thread/INFO]: Item Despawn Rate: 6000
[14:11:47] [Server thread/INFO]: Zombie Aggressive Towards Villager: true
[14:11:47] [Server thread/INFO]: Nerfing mobs spawned from spawners: false
[14:11:49] [Server thread/INFO]: -------- World Settings For [world_nether] --------
[14:11:49] [Server thread/INFO]: Cactus Growth Modifier: 100%
[14:11:49] [Server thread/INFO]: Cane Growth Modifier: 100%
[14:11:49] [Server thread/INFO]: Melon Growth Modifier: 100%
[14:11:49] [Server thread/INFO]: Mushroom Growth Modifier: 100%
[14:11:49] [Server thread/INFO]: Pumpkin Growth Modifier: 100%
[14:11:49] [Server thread/INFO]: Sapling Growth Modifier: 100%
[14:11:49] [Server thread/INFO]: Beetroot Growth Modifier: 100%
[14:11:49] [Server thread/INFO]: Carrot Growth Modifier: 100%
[14:11:49] [Server thread/INFO]: Potato Growth Modifier: 100%
[14:11:49] [Server thread/INFO]: Wheat Growth Modifier: 100%
[14:11:49] [Server thread/INFO]: NetherWart Growth Modifier: 100%
[14:11:49] [Server thread/INFO]: Vine Growth Modifier: 100%
[14:11:49] [Server thread/INFO]: Cocoa Growth Modifier: 100%
[14:11:49] [Server thread/INFO]: Bamboo Growth Modifier: 100%
[14:11:49] [Server thread/INFO]: SweetBerry Growth Modifier: 100%
[14:11:49] [Server thread/INFO]: Kelp Growth Modifier: 100%
[14:11:49] [Server thread/INFO]: Entity Activation Range: An 32 / Mo 32 / Ra 48 / Mi 16 / Tiv true
[14:11:49] [Server thread/INFO]: Entity Tracking Range: Pl 48 / An 48 / Mo 48 / Mi 32 / Other 64
[14:11:49] [Server thread/INFO]: Hopper Transfer: 8 Hopper Check: 1 Hopper Amount: 1
[14:11:49] [Server thread/INFO]: Custom Map Seeds:  Village: 10387312 Desert: 14357617 Igloo: 14357618 Jungle: 14357619 Swamp: 14357620 Monument: 10387313 Ocean: 14357621 Shipwreck: 165745295 End City: 10387313 Slime: 987234911
[14:11:49] [Server thread/INFO]: Mob Spawn Range: 6
[14:11:49] [Server thread/INFO]: Experience Merge Radius: 3.0
[14:11:49] [Server thread/INFO]: Max TNT Explosions: 100
[14:11:49] [Server thread/INFO]: Tile Max Tick Time: 50ms Entity max Tick Time: 50ms
[14:11:49] [Server thread/INFO]: Arrow Despawn Rate: 1200 Trident Respawn Rate:1200
[14:11:49] [Server thread/INFO]: View Distance: 10
[14:11:49] [Server thread/INFO]: Allow Zombie Pigmen to spawn from portal blocks: true
[14:11:49] [Server thread/INFO]: Item Merge Radius: 2.5
[14:11:49] [Server thread/INFO]: Item Despawn Rate: 6000
[14:11:49] [Server thread/INFO]: Zombie Aggressive Towards Villager: true
[14:11:49] [Server thread/INFO]: Nerfing mobs spawned from spawners: false
[14:11:50] [Server thread/INFO]: -------- World Settings For [world_the_end] --------
[14:11:50] [Server thread/INFO]: Cactus Growth Modifier: 100%
[14:11:50] [Server thread/INFO]: Cane Growth Modifier: 100%
[14:11:50] [Server thread/INFO]: Melon Growth Modifier: 100%
[14:11:50] [Server thread/INFO]: Mushroom Growth Modifier: 100%
[14:11:50] [Server thread/INFO]: Pumpkin Growth Modifier: 100%
[14:11:50] [Server thread/INFO]: Sapling Growth Modifier: 100%
[14:11:50] [Server thread/INFO]: Beetroot Growth Modifier: 100%
[14:11:50] [Server thread/INFO]: Carrot Growth Modifier: 100%
[14:11:50] [Server thread/INFO]: Potato Growth Modifier: 100%
[14:11:50] [Server thread/INFO]: Wheat Growth Modifier: 100%
[14:11:50] [Server thread/INFO]: NetherWart Growth Modifier: 100%
[14:11:50] [Server thread/INFO]: Vine Growth Modifier: 100%
[14:11:50] [Server thread/INFO]: Cocoa Growth Modifier: 100%
[14:11:50] [Server thread/INFO]: Bamboo Growth Modifier: 100%
[14:11:50] [Server thread/INFO]: SweetBerry Growth Modifier: 100%
[14:11:50] [Server thread/INFO]: Kelp Growth Modifier: 100%
[14:11:50] [Server thread/INFO]: Entity Activation Range: An 32 / Mo 32 / Ra 48 / Mi 16 / Tiv true
[14:11:50] [Server thread/INFO]: Entity Tracking Range: Pl 48 / An 48 / Mo 48 / Mi 32 / Other 64
[14:11:50] [Server thread/INFO]: Hopper Transfer: 8 Hopper Check: 1 Hopper Amount: 1
[14:11:50] [Server thread/INFO]: Custom Map Seeds:  Village: 10387312 Desert: 14357617 Igloo: 14357618 Jungle: 14357619 Swamp: 14357620 Monument: 10387313 Ocean: 14357621 Shipwreck: 165745295 End City: 10387313 Slime: 987234911
[14:11:50] [Server thread/INFO]: Mob Spawn Range: 6
[14:11:50] [Server thread/INFO]: Experience Merge Radius: 3.0
[14:11:50] [Server thread/INFO]: Max TNT Explosions: 100
[14:11:50] [Server thread/INFO]: Tile Max Tick Time: 50ms Entity max Tick Time: 50ms
[14:11:50] [Server thread/INFO]: Arrow Despawn Rate: 1200 Trident Respawn Rate:1200
[14:11:50] [Server thread/INFO]: View Distance: 10
[14:11:50] [Server thread/INFO]: Allow Zombie Pigmen to spawn from portal blocks: true
[14:11:50] [Server thread/INFO]: Item Merge Radius: 2.5
[14:11:50] [Server thread/INFO]: Item Despawn Rate: 6000
[14:11:50] [Server thread/INFO]: Zombie Aggressive Towards Villager: true
[14:11:50] [Server thread/INFO]: Nerfing mobs spawned from spawners: false
[14:11:51] [Server thread/INFO]: Preparing start region for dimension 'world'/minecraft:overworld
[14:11:56] [Server thread/INFO]: Preparing spawn area: 0%
[14:11:56] [Server thread/INFO]: Preparing spawn area: 0%
[14:11:56] [Server thread/INFO]: Preparing spawn area: 0%
[14:11:56] [Server thread/INFO]: Preparing spawn area: 0%
[14:11:56] [Server thread/INFO]: Preparing spawn area: 0%
[14:11:56] [Server thread/INFO]: Preparing spawn area: 0%
[14:11:56] [Server thread/INFO]: Preparing spawn area: 0%
[14:11:56] [Server thread/INFO]: Preparing spawn area: 0%
[14:11:56] [Server thread/INFO]: Preparing spawn area: 0%
[14:11:56] [Server thread/INFO]: Preparing spawn area: 0%
[14:12:52] [Server-Worker-1/INFO]: Preparing spawn area: 0%
[14:12:52] [Server-Worker-1/INFO]: Preparing spawn area: 0%
[14:12:52] [Server-Worker-1/INFO]: Preparing spawn area: 0%
[14:12:52] [Server-Worker-1/INFO]: Preparing spawn area: 0%
[14:12:52] [Server-Worker-1/INFO]: Preparing spawn area: 0%
[14:12:52] [Server-Worker-1/INFO]: Preparing spawn area: 0%
[14:12:52] [Server-Worker-1/INFO]: Preparing spawn area: 0%
[14:12:52] [Server-Worker-1/INFO]: Preparing spawn area: 0%
[14:12:52] [Server-Worker-1/INFO]: Preparing spawn area: 0%
[14:12:52] [Server-Worker-1/INFO]: Preparing spawn area: 0%
[14:12:52] [Server-Worker-1/INFO]: Preparing spawn area: 0%
[14:12:52] [Server-Worker-1/INFO]: Preparing spawn area: 0%
[14:12:52] [Server-Worker-1/INFO]: Preparing spawn area: 0%
[14:12:52] [Server-Worker-1/INFO]: Preparing spawn area: 0%
[14:12:52] [Server-Worker-1/INFO]: Preparing spawn area: 0%
[14:12:52] [Server-Worker-1/INFO]: Preparing spawn area: 0%
[14:12:52] [Server-Worker-1/INFO]: Preparing spawn area: 0%
[14:12:52] [Server-Worker-1/INFO]: Preparing spawn area: 0%
[14:12:52] [Server-Worker-1/INFO]: Preparing spawn area: 0%
[14:12:52] [Server-Worker-1/INFO]: Preparing spawn area: 0%
[14:12:52] [Server-Worker-1/INFO]: Preparing spawn area: 0%
[14:12:52] [Server-Worker-1/INFO]: Preparing spawn area: 0%
[14:12:52] [Server-Worker-1/INFO]: Preparing spawn area: 0%
[14:12:52] [Server-Worker-1/INFO]: Preparing spawn area: 0%
[14:12:52] [Server-Worker-1/INFO]: Preparing spawn area: 0%
[14:12:52] [Server-Worker-1/INFO]: Preparing spawn area: 0%
[14:12:52] [Server-Worker-1/INFO]: Preparing spawn area: 0%
[14:12:52] [Server-Worker-1/INFO]: Preparing spawn area: 0%
[14:12:52] [Server-Worker-1/INFO]: Preparing spawn area: 0%
[14:12:52] [Server-Worker-1/INFO]: Preparing spawn area: 0%
[14:12:52] [Server-Worker-1/INFO]: Preparing spawn area: 0%
[14:12:52] [Server-Worker-1/INFO]: Preparing spawn area: 0%
[14:12:52] [Server-Worker-1/INFO]: Preparing spawn area: 0%
[14:12:52] [Server-Worker-1/INFO]: Preparing spawn area: 0%
[14:12:52] [Server-Worker-1/INFO]: Preparing spawn area: 0%
[14:12:52] [Server-Worker-1/INFO]: Preparing spawn area: 0%
[14:12:52] [Server-Worker-1/INFO]: Preparing spawn area: 0%
[14:12:52] [Server-Worker-1/INFO]: Preparing spawn area: 0%
[14:12:52] [Server-Worker-1/INFO]: Preparing spawn area: 0%
[14:12:52] [Server-Worker-1/INFO]: Preparing spawn area: 0%
[14:12:52] [Server-Worker-1/INFO]: Preparing spawn area: 0%
[14:12:52] [Server-Worker-1/INFO]: Preparing spawn area: 0%
[14:12:52] [Server-Worker-1/INFO]: Preparing spawn area: 0%
[14:12:52] [Server-Worker-1/INFO]: Preparing spawn area: 0%
[14:12:52] [Server-Worker-1/INFO]: Preparing spawn area: 0%
[14:12:52] [Server-Worker-1/INFO]: Preparing spawn area: 0%
[14:12:52] [Server-Worker-1/INFO]: Preparing spawn area: 0%
[14:12:52] [Server-Worker-1/INFO]: Preparing spawn area: 0%
[14:12:52] [Server-Worker-1/INFO]: Preparing spawn area: 0%
[14:12:52] [Server-Worker-1/INFO]: Preparing spawn area: 0%
[14:12:52] [Server-Worker-1/INFO]: Preparing spawn area: 0%
[14:12:52] [Server-Worker-1/INFO]: Preparing spawn area: 0%
[14:12:52] [Server-Worker-1/INFO]: Preparing spawn area: 0%
[14:12:52] [Server-Worker-1/INFO]: Preparing spawn area: 0%
[14:12:52] [Server-Worker-1/INFO]: Preparing spawn area: 0%
[14:12:52] [Server-Worker-1/INFO]: Preparing spawn area: 0%
[14:12:52] [Server-Worker-1/INFO]: Preparing spawn area: 0%
[14:12:52] [Server-Worker-1/INFO]: Preparing spawn area: 0%
[14:12:52] [Server-Worker-1/INFO]: Preparing spawn area: 0%
[14:12:52] [Server-Worker-1/INFO]: Preparing spawn area: 0%
[14:12:52] [Server-Worker-1/INFO]: Preparing spawn area: 0%
[14:12:52] [Server-Worker-1/INFO]: Preparing spawn area: 0%
[14:12:52] [Server-Worker-1/INFO]: Preparing spawn area: 0%
[14:12:52] [Server-Worker-1/INFO]: Preparing spawn area: 0%
[14:12:52] [Server-Worker-1/INFO]: Preparing spawn area: 0%
[14:12:52] [Server-Worker-1/INFO]: Preparing spawn area: 0%
[14:12:52] [Server-Worker-1/INFO]: Preparing spawn area: 0%
[14:12:52] [Server-Worker-1/INFO]: Preparing spawn area: 0%
[14:12:52] [Server-Worker-1/INFO]: Preparing spawn area: 0%
[14:12:52] [Server-Worker-1/INFO]: Preparing spawn area: 0%
[14:12:52] [Server-Worker-1/INFO]: Preparing spawn area: 0%
[14:12:52] [Server-Worker-1/INFO]: Preparing spawn area: 0%
[14:12:52] [Server-Worker-1/INFO]: Preparing spawn area: 0%
[14:12:52] [Server-Worker-1/INFO]: Preparing spawn area: 0%
[14:12:52] [Server-Worker-1/INFO]: Preparing spawn area: 0%
[14:12:52] [Server-Worker-1/INFO]: Preparing spawn area: 0%
[14:12:52] [Server-Worker-1/INFO]: Preparing spawn area: 0%
[14:12:52] [Server-Worker-1/INFO]: Preparing spawn area: 0%
[14:12:52] [Server-Worker-1/INFO]: Preparing spawn area: 0%
[14:12:52] [Server-Worker-1/INFO]: Preparing spawn area: 0%
[14:12:52] [Server-Worker-1/INFO]: Preparing spawn area: 0%
[14:12:52] [Server-Worker-1/INFO]: Preparing spawn area: 0%
[14:12:52] [Server-Worker-1/INFO]: Preparing spawn area: 0%
[14:12:52] [Server-Worker-1/INFO]: Preparing spawn area: 0%
[14:12:52] [Server-Worker-1/INFO]: Preparing spawn area: 0%
[14:12:52] [Server-Worker-1/INFO]: Preparing spawn area: 0%
[14:12:52] [Server-Worker-1/INFO]: Preparing spawn area: 0%
[14:12:52] [Server-Worker-1/INFO]: Preparing spawn area: 0%
[14:12:52] [Server-Worker-1/INFO]: Preparing spawn area: 0%
[14:12:52] [Server-Worker-1/INFO]: Preparing spawn area: 0%
[14:12:52] [Server-Worker-1/INFO]: Preparing spawn area: 0%
[14:12:52] [Server-Worker-1/INFO]: Preparing spawn area: 0%
[14:12:52] [Server-Worker-1/INFO]: Preparing spawn area: 0%
[14:12:52] [Server-Worker-1/INFO]: Preparing spawn area: 0%
[14:12:52] [Server-Worker-1/INFO]: Preparing spawn area: 0%
[14:12:52] [Server-Worker-1/INFO]: Preparing spawn area: 0%
[14:12:52] [Server-Worker-1/INFO]: Preparing spawn area: 0%
[14:12:52] [Server-Worker-1/INFO]: Preparing spawn area: 0%
[14:12:52] [Server-Worker-1/INFO]: Preparing spawn area: 0%
[14:12:52] [Server-Worker-1/INFO]: Preparing spawn area: 0%
[14:12:52] [Server-Worker-1/INFO]: Preparing spawn area: 0%
[14:12:52] [Server-Worker-1/INFO]: Preparing spawn area: 0%
[14:12:52] [Server-Worker-1/INFO]: Preparing spawn area: 0%
[14:12:52] [Server-Worker-1/INFO]: Preparing spawn area: 0%
[14:12:52] [Server-Worker-1/INFO]: Preparing spawn area: 0%
[14:12:52] [Server-Worker-1/INFO]: Preparing spawn area: 0%
[14:12:52] [Server-Worker-1/INFO]: Preparing spawn area: 0%
[14:12:52] [Server-Worker-1/INFO]: Preparing spawn area: 0%
[14:12:52] [Server-Worker-1/INFO]: Preparing spawn area: 0%
[14:12:52] [Server-Worker-1/INFO]: Preparing spawn area: 0%
[14:12:52] [Server-Worker-1/INFO]: Preparing spawn area: 0%
[14:12:52] [Server-Worker-1/INFO]: Preparing spawn area: 0%
[14:12:57] [Server-Worker-1/INFO]: Preparing spawn area: 0%
[14:12:57] [Server-Worker-1/INFO]: Preparing spawn area: 0%
[14:12:57] [Server-Worker-1/INFO]: Preparing spawn area: 0%
[14:12:57] [Server-Worker-1/INFO]: Preparing spawn area: 0%
[14:12:57] [Server-Worker-1/INFO]: Preparing spawn area: 0%
[14:12:57] [Server-Worker-1/INFO]: Preparing spawn area: 0%
[14:12:57] [Server-Worker-1/INFO]: Preparing spawn area: 0%
[14:12:57] [Server-Worker-1/INFO]: Preparing spawn area: 0%
[14:12:57] [Server-Worker-1/INFO]: Preparing spawn area: 0%
[14:12:57] [Server-Worker-1/INFO]: Preparing spawn area: 0%
[14:12:57] [Server-Worker-1/INFO]: Preparing spawn area: 0%
[14:12:58] [Server-Worker-1/INFO]: Preparing spawn area: 0%
[14:12:58] [Server-Worker-1/INFO]: Preparing spawn area: 3%
[14:12:59] [Server-Worker-1/INFO]: Preparing spawn area: 4%
[14:12:59] [Server thread/INFO]: Preparing spawn area: 4%
[14:13:00] [Server-Worker-1/INFO]: Preparing spawn area: 83%
[14:13:00] [Server-Worker-1/INFO]: Preparing spawn area: 83%
[14:13:01] [Server-Worker-1/INFO]: Preparing spawn area: 83%
[14:13:02] [Server-Worker-1/INFO]: Preparing spawn area: 83%
[14:13:03] [Server-Worker-1/INFO]: Preparing spawn area: 83%
[14:13:03] [Server-Worker-1/INFO]: Preparing spawn area: 83%
[14:13:03] [Server-Worker-1/INFO]: Preparing spawn area: 83%
[14:13:03] [Server-Worker-1/INFO]: Preparing spawn area: 83%
[14:13:04] [Server-Worker-1/INFO]: Preparing spawn area: 83%
[14:13:04] [Server-Worker-1/INFO]: Preparing spawn area: 83%
[14:13:05] [Server-Worker-1/INFO]: Preparing spawn area: 83%
[14:13:05] [Server-Worker-1/INFO]: Preparing spawn area: 83%
[14:13:06] [Server-Worker-1/INFO]: Preparing spawn area: 83%
[14:13:06] [Server-Worker-1/INFO]: Preparing spawn area: 83%
[14:13:07] [Server thread/INFO]: Preparing spawn area: 83%
[14:13:07] [Server-Worker-1/INFO]: Preparing spawn area: 83%
[14:13:08] [Server thread/INFO]: Preparing spawn area: 84%
[14:13:08] [Server thread/INFO]: Preparing spawn area: 85%
[14:13:09] [Server-Worker-1/INFO]: Preparing spawn area: 86%
[14:13:09] [Server-Worker-1/INFO]: Preparing spawn area: 86%
[14:13:10] [Server-Worker-1/INFO]: Preparing spawn area: 87%
[14:13:10] [Server thread/INFO]: Preparing spawn area: 87%
[14:13:11] [Server thread/INFO]: Preparing spawn area: 88%
[14:13:11] [Server-Worker-1/INFO]: Preparing spawn area: 89%
[14:13:12] [Server-Worker-1/INFO]: Preparing spawn area: 90%
[14:13:12] [Server thread/INFO]: Preparing spawn area: 91%
[14:13:13] [Server-Worker-1/INFO]: Preparing spawn area: 93%
[14:13:13] [Server-Worker-1/INFO]: Preparing spawn area: 94%
[14:13:14] [Server-Worker-1/INFO]: Preparing spawn area: 95%
[14:13:14] [Server-Worker-1/INFO]: Preparing spawn area: 96%
[14:13:15] [Server thread/INFO]: Preparing spawn area: 97%
[14:13:15] [Server thread/INFO]: Preparing spawn area: 99%
[14:13:16] [Server thread/INFO]: Time elapsed: 84420 ms
[14:13:16] [Server thread/INFO]: Preparing start region for dimension 'world_nether'/minecraft:the_nether
[14:13:18] [Server thread/INFO]: Preparing spawn area: 0%
[14:13:18] [Server thread/INFO]: Preparing spawn area: 0%
[14:13:18] [Server thread/INFO]: Preparing spawn area: 0%
[14:13:18] [Server thread/INFO]: Preparing spawn area: 0%
[14:13:18] [Server thread/INFO]: Preparing spawn area: 0%
[14:13:18] [Server-Worker-1/INFO]: Preparing spawn area: 13%
[14:13:19] [Server-Worker-1/INFO]: Preparing spawn area: 83%
[14:13:19] [Server-Worker-1/INFO]: Preparing spawn area: 83%
[14:13:20] [Server-Worker-1/INFO]: Preparing spawn area: 83%
[14:13:20] [Server-Worker-1/INFO]: Preparing spawn area: 83%
[14:13:21] [Server-Worker-1/INFO]: Preparing spawn area: 83%
[14:13:21] [Server-Worker-1/INFO]: Preparing spawn area: 83%
[14:13:22] [Server-Worker-1/INFO]: Preparing spawn area: 83%
[14:13:22] [Server-Worker-1/INFO]: Preparing spawn area: 83%
[14:13:23] [Server-Worker-1/INFO]: Preparing spawn area: 86%
[14:13:23] [Server-Worker-1/INFO]: Preparing spawn area: 88%
[14:13:24] [Server-Worker-1/INFO]: Preparing spawn area: 90%
[14:13:24] [Server-Worker-1/INFO]: Preparing spawn area: 90%
[14:13:25] [Server-Worker-1/INFO]: Preparing spawn area: 99%
[14:13:25] [Server thread/INFO]: Time elapsed: 9133 ms
[14:13:25] [Server thread/INFO]: Preparing start region for dimension 'world_the_end'/minecraft:the_end
[14:13:26] [Server thread/INFO]: Preparing spawn area: 0%
[14:13:26] [Server thread/INFO]: Preparing spawn area: 0%
[14:13:26] [Server-Worker-1/INFO]: Preparing spawn area: 83%
[14:13:26] [Server-Worker-1/INFO]: Preparing spawn area: 83%
[14:13:27] [Server-Worker-1/INFO]: Preparing spawn area: 83%
[14:13:27] [Server-Worker-1/INFO]: Preparing spawn area: 94%
[14:13:28] [Server thread/INFO]: Time elapsed: 2661 ms
[14:13:28] [Server thread/INFO]: Server permissions file permissions.yml is empty, ignoring it
[14:13:28] [Server thread/INFO]: Done (108.727s)! For help, type "help"
[14:14:24] [User Authenticator #1/INFO]: UUID of player imongLolo is c8f560b3-8056-3175-b7ec-6f97b8e8e769
[14:14:24] [Server thread/INFO]: imongLolo[/49.145.164.14:8527] logged in with entity id 221 at ([world]114.5, 72.0, -22.5)
[14:16:01] [Server thread/INFO]: Unknown command. Type "/help" for help.[m
[14:16:54] [User Authenticator #2/INFO]: UUID of player Mangaboy5398 is 419c6fc8-50de-3a84-a6c2-b6e34c10baf1
[14:16:54] [Server thread/INFO]: Mangaboy5398[/49.147.122.72:62178] logged in with entity id 557 at ([world]118.5, 85.0, -36.5)
[14:17:05] [Async Chat Thread - #0/INFO]: <Mangaboy5398> hi vladi[m
[14:17:09] [Async Chat Thread - #0/INFO]: <imongLolo> yo[m
[14:17:14] [Async Chat Thread - #0/INFO]: <Mangaboy5398> the server is hosted in Singapore I thnk[m
[14:17:20] [Async Chat Thread - #0/INFO]: <Mangaboy5398> lag ra?[m
[14:17:22] [Async Chat Thread - #0/INFO]: <imongLolo> oh wow[m
[14:17:32] [Async Chat Thread - #0/INFO]: <Mangaboy5398> like try breaking blocks anf shit[m
[14:17:38] [Async Chat Thread - #0/INFO]: <imongLolo> idk really, i cant tell lag, but when i tab[m
[14:17:47] [Async Chat Thread - #0/INFO]: <imongLolo> the block breaking fine[m
[14:17:54] [Async Chat Thread - #0/INFO]: <Mangaboy5398> ok ra guro[m
[14:17:56] [Async Chat Thread - #0/INFO]: <Mangaboy5398> nice nice[m
[14:17:58] [Async Chat Thread - #0/INFO]: <imongLolo> no delays[m
[14:18:00] [Async Chat Thread - #0/INFO]: <imongLolo> ye[m
[14:18:04] [Async Chat Thread - #0/INFO]: <Mangaboy5398> We can use this to play with the others haha[m
[14:18:12] [Async Chat Thread - #0/INFO]: <Mangaboy5398> but I still wanna play the hardcore map XD[m
[14:18:23] [Async Chat Thread - #0/INFO]: <Mangaboy5398> I'll limit this to 10 people guro[m
[14:18:34] [Server thread/WARN]: Can't keep up! Is the server overloaded? Running 5766ms or 115 ticks behind
[14:20:05] [Async Chat Thread - #1/INFO]: <Mangaboy5398> haha sige vlad ako sa ni iset up[m
[14:20:10] [Async Chat Thread - #1/INFO]: <imongLolo> ayt ggs[m
[14:20:14] [Async Chat Thread - #1/INFO]: <imongLolo> glad 2 help[m
[14:20:15] [Async Chat Thread - #1/INFO]: <Mangaboy5398> gg[m
[14:20:15] [Server thread/INFO]: imongLolo lost connection: Disconnected
[14:20:15] [Server thread/INFO]: imongLolo left the game
[14:20:18] [Server thread/INFO]: Mangaboy5398 lost connection: Disconnected
[14:20:18] [Server thread/INFO]: Mangaboy5398 left the game
[14:20:28] [Server thread/INFO]: Unknown command. Type "/help" for help.[m
[14:20:31] [Server thread/INFO]: Stopping the server
[14:20:31] [Server thread/INFO]: Stopping server
[14:20:31] [Server thread/INFO]: Saving players
[14:20:31] [Server thread/INFO]: Saving worlds
[14:20:31] [Server thread/INFO]: Saving chunks for level 'world'/minecraft:overworld
[14:20:33] [Server thread/INFO]: ThreadedAnvilChunkStorage (world): All chunks are saved
[14:20:33] [Server thread/INFO]: Saving chunks for level 'world_nether'/minecraft:the_nether
[14:20:33] [Server thread/INFO]: ThreadedAnvilChunkStorage (DIM-1): All chunks are saved
[14:20:33] [Server thread/INFO]: Saving chunks for level 'world_the_end'/minecraft:the_end
[14:20:33] [Server thread/INFO]: ThreadedAnvilChunkStorage (DIM1): All chunks are saved
[14:20:33] [Server thread/INFO]: ThreadedAnvilChunkStorage (world): All chunks are saved
[14:20:33] [Server thread/INFO]: ThreadedAnvilChunkStorage (DIM-1): All chunks are saved
[14:20:33] [Server thread/INFO]: ThreadedAnvilChunkStorage (DIM1): All chunks are saved
